2025-10-11 16:46:59, MOVE, v:1, k:poo@chinela, mode:PICK
2025-10-11 16:47:03, EXEC, v:1, k:poo@chinela, mode:LOCK, rate:0, size:21
2025-10-11 16:59:54, MOVE, v:1, k:poo@chinela, mode:BACK
2025-10-11 17:00:10, MOVE, v:1, k:poo@camisa, mode:PICK
2025-10-11 17:00:12, EXEC, v:1, k:poo@camisa, mode:LOCK, rate:0
2025-10-11 17:00:25, MOVE, v:1, k:poo@camisa, mode:BACK
2025-10-11 17:00:29, MOVE, v:1, k:poo@roupa, mode:PICK
2025-10-11 17:02:12, MOVE, v:1, k:poo@relogio, mode:DOWN
2025-10-11 17:02:14, MOVE, v:1, k:poo@relogio, mode:PICK
2025-10-11 17:02:25, EXEC, v:1, k:poo@relogio, mode:FULL, rate:0, size:0
2025-10-11 17:02:42, MOVE, v:1, k:poo@relogio, mode:BACK
2025-10-11 17:02:45, MOVE, v:1, k:poo@roupa, mode:PICK
2025-10-11 17:05:50, EXEC, v:1, k:poo@roupa, mode:FULL, rate:0, size:29
2025-10-11 17:08:27, MOVE, v:1, k:poo@roupa, mode:PICK
2025-10-11 17:12:13, MOVE, v:1, k:poo@roupa, mode:PICK
2025-10-11 17:16:14, MOVE, v:1, k:poo@, mode:PICK
2025-10-11 17:16:45, MOVE, v:1, k:poo@, mode:BACK
2025-10-11 17:16:50, MOVE, v:1, k:poo@roupa, mode:PICK
2025-10-11 17:16:51, EXEC, v:1, k:poo@roupa, mode:FULL, rate:0, size:30
2025-10-11 17:17:28, EXEC, v:1, k:poo@roupa, mode:FULL, rate:0, size:30
2025-10-11 17:17:53, EXEC, v:1, k:poo@roupa, mode:FULL, rate:100, size:30
2025-10-11 17:18:06, MOVE, v:1, k:poo@roupa, mode:BACK
2025-10-11 17:18:12, MOVE, v:1, k:poo@relogio, mode:PICK
2025-10-11 17:18:24, EXEC, v:1, k:poo@relogio, mode:FULL, rate:0
2025-10-11 18:42:54, MOVE, v:1, k:poo@relogio, mode:BACK
