2025-10-23 15:22:20, MOVE, v:1, k:poo@grafite, mode:DOWN
2025-10-23 15:22:31, MOVE, v:1, k:poo@grafite, mode:PICK
2025-10-23 15:22:41, EXEC, v:1, k:poo@grafite, mode:FULL, rate:0, size:0
2025-10-23 15:23:18, MOVE, v:1, k:poo@grafite, mode:BACK
2025-10-23 15:23:20, MOVE, v:1, k:poo@grafite, mode:DOWN
2025-10-23 15:23:22, MOVE, v:1, k:poo@grafite, mode:PICK
2025-10-23 15:23:31, MOVE, v:1, k:poo@grafite, mode:BACK
2025-10-23 15:23:32, MOVE, v:1, k:poo@grafite, mode:PICK
2025-10-23 15:23:35, EXEC, v:1, k:poo@grafite, mode:FULL, rate:0
2025-10-23 15:24:19, MOVE, v:1, k:poo@grafite, mode:PICK
2025-10-23 15:47:35, EXEC, v:1, k:poo@grafite, mode:FREE, size:26
2025-10-23 16:30:53, MOVE, v:1, k:poo@grafite, mode:PICK
2025-10-23 16:30:54, EXEC, v:1, k:poo@grafite, mode:FREE, size:50
2025-10-23 16:31:03, EXEC, v:1, k:poo@grafite, mode:FULL, rate:0
2025-10-23 16:33:44, EXEC, v:1, k:poo@grafite, mode:FULL, rate:0, size:58
2025-10-23 16:42:20, EXEC, v:1, k:poo@grafite, mode:FULL, rate:0, size:72
2025-10-23 16:45:06, EXEC, v:1, k:poo@grafite, mode:FULL, rate:0, size:73
2025-10-23 16:45:24, EXEC, v:1, k:poo@grafite, mode:FREE
2025-10-23 16:48:52, EXEC, v:1, k:poo@grafite, mode:FULL, rate:0, size:73
2025-10-23 16:49:56, EXEC, v:1, k:poo@grafite, mode:FULL, rate:0, size:77
2025-10-23 16:51:07, EXEC, v:1, k:poo@grafite, mode:FULL, rate:0, size:78
2025-10-23 16:51:41, EXEC, v:1, k:poo@grafite, mode:FULL, rate:10, size:78
2025-10-23 17:01:48, EXEC, v:1, k:poo@grafite, mode:FULL, rate:0, size:99
2025-10-23 17:02:14, EXEC, v:1, k:poo@grafite, mode:FULL, rate:20, size:99
2025-10-23 17:02:23, EXEC, v:1, k:poo@grafite, mode:FULL, rate:20, size:99
2025-10-23 17:02:50, EXEC, v:1, k:poo@grafite, mode:FULL, rate:100, size:99
2025-10-23 17:03:06, MOVE, v:1, k:poo@grafite, mode:BACK
2025-10-23 17:03:25, MOVE, v:1, k:poo@motoca, mode:PICK
2025-10-23 17:03:51, EXEC, v:1, k:poo@motoca, mode:FULL, rate:100
2025-10-23 17:03:52, EXEC, v:1, k:poo@motoca, mode:FREE
2025-10-23 17:04:05, EXEC, v:1, k:poo@motoca, mode:FULL, rate:100
2025-10-23 17:04:07, MOVE, v:1, k:poo@motoca, mode:BACK
2025-10-23 17:05:56, SELF, v:1, k:poo@tamagotchi
2025-10-23 17:07:04, SELF, v:1, k:poo@notebook, rate:100, alone:3, study:60
2025-10-23 17:07:25, SELF, v:1, k:poo@charger, rate:100, study:180
2025-10-23 17:07:28, MOVE, v:1, k:poo@charger, mode:PICK
2025-10-23 17:07:30, MOVE, v:1, k:poo@charger, mode:BACK
2025-10-23 17:07:46, SELF, v:1, k:poo@charger, rate:100, alone:1, study:180
2025-10-23 17:08:21, SELF, v:1, k:poo@grafite, rate:100, alone:2, study:80
2025-10-23 17:08:29, MOVE, v:1, k:poo@motouber, mode:DOWN
2025-10-23 17:10:19, MOVE, v:1, k:poo@motouber, mode:PICK
2025-10-23 17:11:35, MOVE, v:1, k:poo@motouber, mode:BACK
2025-10-23 17:46:48, MOVE, v:1, k:poo@motouber, mode:PICK
2025-10-23 17:46:49, EXEC, v:1, k:poo@motouber, mode:FREE, size:100
2025-10-23 17:47:03, MOVE, v:1, k:poo@motouber, mode:PICK
2025-10-23 17:47:04, EXEC, v:1, k:poo@motouber, mode:FULL, rate:0
2025-10-23 17:47:22, EXEC, v:1, k:poo@motouber, mode:FULL, rate:12, size:100
2025-10-23 17:47:56, EXEC, v:1, k:poo@motouber, mode:FULL, rate:12, size:100
2025-10-23 17:49:48, EXEC, v:1, k:poo@motouber, mode:FULL, rate:25, size:100
2025-10-23 17:50:20, EXEC, v:1, k:poo@motouber, mode:FULL, rate:87, size:100
2025-10-23 17:50:49, MOVE, v:1, k:poo@motouber, mode:PICK
2025-10-23 17:51:10, EXEC, v:1, k:poo@motouber, mode:FULL, rate:100, size:100
2025-10-23 17:51:17, MOVE, v:1, k:poo@motouber, mode:BACK
